0B  0B/s
0B / 1.50 MiB (1 of 9)
/home/lordv/Documents/scores
0B  0B/s
0B / 1.50 MiB (2 of 9)
/home/lordv/Documents/scores/blut.webp
56.90 KiB  13.13 MiB/s
56.90 KiB / 1.50 MiB (2 of 9)
0B  0B/s
56.90 KiB / 1.50 MiB (3 of 9)
/home/lordv/Documents/scores/cig.png
299.18 KiB  34.86 MiB/s
356.08 KiB / 1.50 MiB (3 of 9)
0B  0B/s
356.08 KiB / 1.50 MiB (4 of 9)
/home/lordv/Documents/scores/cig_.png
248.20 KiB  28.13 MiB/s
604.28 KiB / 1.50 MiB (4 of 9)
0B  0B/s
604.28 KiB / 1.50 MiB (5 of 9)
/home/lordv/Documents/scores/to_zanarkand.png
312.49 KiB  31.95 MiB/s
916.77 KiB / 1.50 MiB (5 of 9)
0B  0B/s
916.77 KiB / 1.50 MiB (6 of 9)
/home/lordv/Documents/scores/to_zanarkand_1.png
132.78 KiB  31.48 MiB/s
1.02 MiB / 1.50 MiB (6 of 9)
0B  0B/s
1.02 MiB / 1.50 MiB (7 of 9)
/home/lordv/Documents/scores/to_zanarkand_2.png
130.85 KiB  30.30 MiB/s
1.15 MiB / 1.50 MiB (7 of 9)
0B  0B/s
1.15 MiB / 1.50 MiB (8 of 9)
/home/lordv/Documents/scores/to_zanarkand_2_1.png
271.74 KiB  41.94 MiB/s
1.42 MiB / 1.50 MiB (8 of 9)
0B  0B/s
1.42 MiB / 1.50 MiB (9 of 9)
/home/lordv/Documents/scores/to_zanarkand_3.png
83.24 KiB  20.11 MiB/s
1.50 MiB / 1.50 MiB (9 of 9)

Snapshot cb36f3db created: 8 files, 1 dirs, 0 symlinks, 0 errors, 1.50 MiB Original Size, 1.50 MiB Storage Size
